[INFO] Scanning for projects...
[INFO] 
[INFO] ------------------------------------------------------------------------
[INFO] Building Samples for Amazon Simple WorkFlow 2.0
[INFO] ------------------------------------------------------------------------
[INFO] 
[INFO] --- maven-resources-plugin:2.6:resources (default-resources) @ swf-flow-samples ---
[WARNING] Using platform encoding (UTF-8 actually) to copy filtered resources, i.e. build is platform dependent!
[INFO] skip non existing resourceDirectory /Users/maximfateev/swf/swf-flow-library-samples-java/src/main/resources
[INFO] 
[INFO] --- maven-compiler-plugin:3.2:compile (default-compile) @ swf-flow-samples ---
[INFO] Changes detected - recompiling the module!
[WARNING] File encoding has not been set, using platform encoding UTF-8, i.e. build is platform dependent!
[INFO] Compiling 92 source files to /Users/maximfateev/swf/swf-flow-library-samples-java/target/classes
[INFO] /Users/maximfateev/swf/swf-flow-library-samples-java/src/main/java/com/amazonaws/services/simpleworkflow/flow/examples/deployment/DeploymentTest.java: Some input files use or override a deprecated API.
[INFO] /Users/maximfateev/swf/swf-flow-library-samples-java/src/main/java/com/amazonaws/services/simpleworkflow/flow/examples/deployment/DeploymentTest.java: Recompile with -Xlint:deprecation for details.
[INFO] 
[INFO] --- aspectj-maven-plugin:1.9:compile (default) @ swf-flow-samples ---
[INFO] Showing AJC message detail for messages of types: [error, warning, fail]
[INFO] Join point 'method-call(void com.amazonaws.services.simpleworkflow.flow.examples.deployment.DeployableBase.deploy(java.util.List))' in Type 'com.amazonaws.services.simpleworkflow.flow.examples.deployment.DeployableBase' (DeployableBase.java:53) advised by around advice from 'com.amazonaws.services.simpleworkflow.flow.aspectj.AsynchronousAspect' (aws-java-sdk-swf-libraries-1.11.22.jar!AsynchronousAspect.class(from AsynchronousAspect.java))
[INFO] Join point 'method-call(com.amazonaws.services.simpleworkflow.flow.core.Promise FileProcessingWorkflowZipImpl.processFileOnHost(java.lang.String, java.lang.String, com.amazonaws.services.simpleworkflow.flow.core.Promise))' in Type 'FileProcessingWorkflowZipImpl' (FileProcessingWorkflowZipImpl.java:111) advised by around advice from 'com.amazonaws.services.simpleworkflow.flow.aspectj.AsynchronousAspect' (aws-java-sdk-swf-libraries-1.11.22.jar!AsynchronousAspect.class(from AsynchronousAspect.java))
[INFO] Join point 'method-call(void FileProcessingWorkflowZipImpl.upload(java.lang.String, java.lang.String, java.lang.String, com.amazonaws.services.simpleworkflow.flow.core.Promise, com.amazonaws.services.simpleworkflow.flow.core.Promise))' in Type 'FileProcessingWorkflowZipImpl' (FileProcessingWorkflowZipImpl.java:119) advised by around advice from 'com.amazonaws.services.simpleworkflow.flow.aspectj.AsynchronousAspect' (aws-java-sdk-swf-libraries-1.11.22.jar!AsynchronousAspect.class(from AsynchronousAspect.java))
[INFO] Join point 'method-call(void HelloWorldTest.assertGreeting(com.amazonaws.services.simpleworkflow.flow.core.Promise))' in Type 'HelloWorldTest' (HelloWorldTest.java:71) advised by around advice from 'com.amazonaws.services.simpleworkflow.flow.aspectj.AsynchronousAspect' (aws-java-sdk-swf-libraries-1.11.22.jar!AsynchronousAspect.class(from AsynchronousAspect.java))
[INFO] Join point 'method-call(void PeriodicWorkflowImpl.callPeriodicActivity(long, com.amazonaws.services.simpleworkflow.flow.core.Promise[]))' in Type 'PeriodicWorkflowImpl$1' (PeriodicWorkflowImpl.java:87) advised by around advice from 'com.amazonaws.services.simpleworkflow.flow.aspectj.AsynchronousAspect' (aws-java-sdk-swf-libraries-1.11.22.jar!AsynchronousAspect.class(from AsynchronousAspect.java))
[INFO] Join point 'method-call(void PeriodicWorkflowImpl.callPeriodicActivity(long, com.amazonaws.services.simpleworkflow.flow.core.Promise[]))' in Type 'PeriodicWorkflowImpl' (PeriodicWorkflowImpl.java:131) advised by around advice from 'com.amazonaws.services.simpleworkflow.flow.aspectj.AsynchronousAspect' (aws-java-sdk-swf-libraries-1.11.22.jar!AsynchronousAspect.class(from AsynchronousAspect.java))
[INFO] Join point 'method-call(com.amazonaws.services.simpleworkflow.flow.core.Promise PartitionedAverageCalculatorImpl.computeAverageDistributed(java.lang.String, com.amazonaws.services.simpleworkflow.flow.core.Promise))' in Type 'PartitionedAverageCalculatorImpl' (PartitionedAverageCalculatorImpl.java:40) advised by around advice from 'com.amazonaws.services.simpleworkflow.flow.aspectj.AsynchronousAspect' (aws-java-sdk-swf-libraries-1.11.22.jar!AsynchronousAspect.class(from AsynchronousAspect.java))
[INFO] Join point 'method-call(com.amazonaws.services.simpleworkflow.flow.core.Promise PartitionedAverageCalculatorImpl.mergeSumAndComputeAverage(java.util.List, int))' in Type 'PartitionedAverageCalculatorImpl' (PartitionedAverageCalculatorImpl.java:54) advised by around advice from 'com.amazonaws.services.simpleworkflow.flow.aspectj.AsynchronousAspect' (aws-java-sdk-swf-libraries-1.11.22.jar!AsynchronousAspect.class(from AsynchronousAspect.java))
[INFO] Join point 'method-execution(com.amazonaws.services.simpleworkflow.flow.core.Promise com.amazonaws.services.simpleworkflow.flow.examples.fileprocessing.SimpleStoreActivitiesClientImpl.uploadImpl(com.amazonaws.services.simpleworkflow.flow.core.Promise, com.amazonaws.services.simpleworkflow.flow.core.Promise, com.amazonaws.services.simpleworkflow.flow.core.Promise, com.amazonaws.services.simpleworkflow.flow.ActivitySchedulingOptions, com.amazonaws.services.simpleworkflow.flow.core.Promise[]))' in Type 'com.amazonaws.services.simpleworkflow.flow.examples.fileprocessing.SimpleStoreActivitiesClientImpl' (SimpleStoreActivitiesClientImpl.java:68) advised by around advice from 'com.amazonaws.services.simpleworkflow.flow.aspectj.ExponentialRetryAspect' (aws-java-sdk-swf-libraries-1.11.22.jar!ExponentialRetryAspect.class(from ExponentialRetryAspect.java))
[INFO] Join point 'method-execution(com.amazonaws.services.simpleworkflow.flow.core.Promise com.amazonaws.services.simpleworkflow.flow.examples.fileprocessing.SimpleStoreActivitiesClientImpl.downloadImpl(com.amazonaws.services.simpleworkflow.flow.core.Promise, com.amazonaws.services.simpleworkflow.flow.core.Promise, com.amazonaws.services.simpleworkflow.flow.core.Promise, com.amazonaws.services.simpleworkflow.flow.ActivitySchedulingOptions, com.amazonaws.services.simpleworkflow.flow.core.Promise[]))' in Type 'com.amazonaws.services.simpleworkflow.flow.examples.fileprocessing.SimpleStoreActivitiesClientImpl' (SimpleStoreActivitiesClientImpl.java:117) advised by around advice from 'com.amazonaws.services.simpleworkflow.flow.aspectj.ExponentialRetryAspect' (aws-java-sdk-swf-libraries-1.11.22.jar!ExponentialRetryAspect.class(from ExponentialRetryAspect.java))
[INFO] Join point 'method-execution(com.amazonaws.services.simpleworkflow.flow.core.Promise com.amazonaws.services.simpleworkflow.flow.examples.fileprocessing.SimpleStoreActivitiesClientImpl.deleteLocalFileImpl(com.amazonaws.services.simpleworkflow.flow.core.Promise, com.amazonaws.services.simpleworkflow.flow.ActivitySchedulingOptions, com.amazonaws.services.simpleworkflow.flow.core.Promise[]))' in Type 'com.amazonaws.services.simpleworkflow.flow.examples.fileprocessing.SimpleStoreActivitiesClientImpl' (SimpleStoreActivitiesClientImpl.java:165) advised by around advice from 'com.amazonaws.services.simpleworkflow.flow.aspectj.ExponentialRetryAspect' (aws-java-sdk-swf-libraries-1.11.22.jar!ExponentialRetryAspect.class(from ExponentialRetryAspect.java))
[INFO] Join point 'method-execution(com.amazonaws.services.simpleworkflow.flow.core.Promise com.amazonaws.services.simpleworkflow.flow.examples.splitmerge.AverageCalculatorActivitiesClientImpl.computeSumForChunkImpl(com.amazonaws.services.simpleworkflow.flow.core.Promise, com.amazonaws.services.simpleworkflow.flow.core.Promise, com.amazonaws.services.simpleworkflow.flow.core.Promise, com.amazonaws.services.simpleworkflow.flow.core.Promise, com.amazonaws.services.simpleworkflow.flow.ActivitySchedulingOptions, com.amazonaws.services.simpleworkflow.flow.core.Promise[]))' in Type 'com.amazonaws.services.simpleworkflow.flow.examples.splitmerge.AverageCalculatorActivitiesClientImpl' (AverageCalculatorActivitiesClientImpl.java:113) advised by around advice from 'com.amazonaws.services.simpleworkflow.flow.aspectj.ExponentialRetryAspect' (aws-java-sdk-swf-libraries-1.11.22.jar!ExponentialRetryAspect.class(from ExponentialRetryAspect.java))
[INFO] ------------------------------------------------------------------------
[INFO] BUILD SUCCESS
[INFO] ------------------------------------------------------------------------
[INFO] Total time: 5.543 s
[INFO] Finished at: 2017-10-16T16:47:28-07:00
[INFO] Final Memory: 36M/490M
[INFO] ------------------------------------------------------------------------
